Build started 2017/1/3 下午 08:49:52.
     1>Project "C:\Users\chshih5747\Documents\計圖學\計圖學_石\HW3\MeshExample\MeshExample.vcxproj" on node 2 (Build target(s)).
     1>ClCompile:
         C:\Program Files (x86)\Microsoft Visual Studio 12.0\VC\bin\CL.exe /c /I"C:\Users\chshih5747\Documents\計圖學\計圖學_石\HW3\include" /ZI /nologo /W3 /WX- /Od /Oy- /D WIN32 /D _DEBUG /D _CONSOLE /D _UNICODE /D UNICODE /Gm /EHsc /RTC1 /MDd /GS /fp:precise /Zc:wchar_t /Zc:forScope /Fo"Debug\\" /Fd"Debug\vc120.pdb" /Gd /TP /analyze- /errorReport:prompt ..\main.cpp
         main.cpp
     1>c:\users\chshih5747\documents\計圖學\計圖學_石\hw3\include\freeimage.h : warning C4819: The file contains a character that cannot be represented in the current code page (950). Save the file in Unicode format to prevent data loss
     1>c:\users\chshih5747\documents\計圖學\計圖學_石\hw3\main.cpp(101): warning C4996: 'fopen': This function or variable may be unsafe. Consider using fopen_s instead. To disable deprecation, use _CRT_SECURE_NO_WARNINGS. See online help for details.
                 c:\program files (x86)\microsoft visual studio 12.0\vc\include\stdio.h(211) : see declaration of 'fopen'
     1>c:\users\chshih5747\documents\計圖學\計圖學_石\hw3\main.cpp(555): warning C4101: 'z_rotate' : unreferenced local variable
     1>c:\users\chshih5747\documents\計圖學\計圖學_石\hw3\main.cpp(555): warning C4101: 'x_rotate' : unreferenced local variable
       Link:
         C:\Program Files (x86)\Microsoft Visual Studio 12.0\VC\bin\link.exe /ERRORREPORT:PROMPT /OUT:"C:\Users\chshih5747\Documents\計圖學\計圖學_石\HW3\Debug\MeshExample.exe" /INCREMENTAL /NOLOGO /LIBPATH:"C:\Users\chshih5747\Documents\計圖學\計圖學_石\HW3\lib" glut32.lib FreeImage.lib glew32.lib kernel32.lib user32.lib gdi32.lib winspool.lib comdlg32.lib advapi32.lib shell32.lib ole32.lib oleaut32.lib uuid.lib odbc32.lib odbccp32.lib /MANIFEST /MANIFESTUAC:"level='asInvoker' uiAccess='false'" /manifest:embed /DEBUG /PDB:"C:\Users\chshih5747\Documents\計圖學\計圖學_石\HW3\Debug\MeshExample.pdb" /SUBSYSTEM:CONSOLE /TLBID:1 /DYNAMICBASE /NXCOMPAT /IMPLIB:"C:\Users\chshih5747\Documents\計圖學\計圖學_石\HW3\Debug\MeshExample.lib" /MACHINE:X86 /SAFESEH:NO Debug\light.obj
         Debug\main.obj
         Debug\mesh.obj
         Debug\scene.obj
         Debug\ShaderLoader.obj
         Debug\view.obj
         MeshExample.vcxproj -> C:\Users\chshih5747\Documents\計圖學\計圖學_石\HW3\Debug\MeshExample.exe
     1>Done Building Project "C:\Users\chshih5747\Documents\計圖學\計圖學_石\HW3\MeshExample\MeshExample.vcxproj" (Build target(s)).

Build succeeded.

Time Elapsed 00:00:01.78
